  CREATE_STREAM @0 {NAME:reset_vseq_h T:Transactions SCOPE:uvm_test_top.env_h.vseqr_h STREAM:1226}
  CREATE_STREAM @0 {NAME:reset_seq_h T:Transactions SCOPE:uvm_test_top.env_h.reset_agent_h.reset_seqr_h STREAM:1249}
  CREATE_STREAM @0 {NAME:reset_sseq_h T:Transactions SCOPE:uvm_test_top.env_h.slave_agent_h.sseqr_h STREAM:1252}
  CREATE_STREAM @190000 {NAME:set_vseq_h T:Transactions SCOPE:uvm_test_top.env_h.vseqr_h STREAM:1651}
  CREATE_STREAM @190000 {NAME:set_seq_h T:Transactions SCOPE:uvm_test_top.env_h.reset_agent_h.reset_seqr_h STREAM:1659}
  CREATE_STREAM @210000 {NAME:crt_vseq_h T:Transactions SCOPE:uvm_test_top.env_h.vseqr_h STREAM:1677}
  CREATE_STREAM @210000 {NAME:ready_vseq_h T:Transactions SCOPE:uvm_test_top.env_h.vseqr_h STREAM:1679}
  CREATE_STREAM @210000 {NAME:crt_mseq_h T:Transactions SCOPE:uvm_test_top.env_h.master_agent_h.mseqr_h STREAM:1687}
  CREATE_STREAM @210000 {NAME:ready_sseq_h T:Transactions SCOPE:uvm_test_top.env_h.slave_agent_h.sseqr_h STREAM:1696}
  CREATE_STREAM @3330000 {NAME:idle_vseq_h T:Transactions SCOPE:uvm_test_top.env_h.vseqr_h STREAM:2109}
  CREATE_STREAM @3330000 {NAME:idle_mseq_h T:Transactions SCOPE:uvm_test_top.env_h.master_agent_h.mseqr_h STREAM:2117}
  CREATE_STREAM @0 {NAME:reset_vseq_h T:Transactions SCOPE:uvm_test_top.env_h.vseqr_h STREAM:1226}
  CREATE_STREAM @0 {NAME:reset_seq_h T:Transactions SCOPE:uvm_test_top.env_h.reset_agent_h.reset_seqr_h STREAM:1249}
  CREATE_STREAM @0 {NAME:reset_sseq_h T:Transactions SCOPE:uvm_test_top.env_h.slave_agent_h.sseqr_h STREAM:1252}
  CREATE_STREAM @190000 {NAME:set_vseq_h T:Transactions SCOPE:uvm_test_top.env_h.vseqr_h STREAM:1651}
  CREATE_STREAM @190000 {NAME:set_seq_h T:Transactions SCOPE:uvm_test_top.env_h.reset_agent_h.reset_seqr_h STREAM:1659}
  CREATE_STREAM @210000 {NAME:crt_vseq_h T:Transactions SCOPE:uvm_test_top.env_h.vseqr_h STREAM:1677}
  CREATE_STREAM @210000 {NAME:ready_vseq_h T:Transactions SCOPE:uvm_test_top.env_h.vseqr_h STREAM:1679}
  CREATE_STREAM @210000 {NAME:crt_mseq_h T:Transactions SCOPE:uvm_test_top.env_h.master_agent_h.mseqr_h STREAM:1687}
  CREATE_STREAM @210000 {NAME:ready_sseq_h T:Transactions SCOPE:uvm_test_top.env_h.slave_agent_h.sseqr_h STREAM:1696}
  CREATE_STREAM @3330000 {NAME:idle_vseq_h T:Transactions SCOPE:uvm_test_top.env_h.vseqr_h STREAM:2109}
  CREATE_STREAM @3330000 {NAME:idle_mseq_h T:Transactions SCOPE:uvm_test_top.env_h.master_agent_h.mseqr_h STREAM:2117}
  CREATE_STREAM @0 {NAME:reset_vseq_h T:Transactions SCOPE:uvm_test_top.env_h.vseqr_h STREAM:1226}
  CREATE_STREAM @0 {NAME:reset_seq_h T:Transactions SCOPE:uvm_test_top.env_h.reset_agent_h.reset_seqr_h STREAM:1249}
  CREATE_STREAM @0 {NAME:reset_sseq_h T:Transactions SCOPE:uvm_test_top.env_h.slave_agent_h.sseqr_h STREAM:1252}
  CREATE_STREAM @190000 {NAME:set_vseq_h T:Transactions SCOPE:uvm_test_top.env_h.vseqr_h STREAM:1651}
  CREATE_STREAM @190000 {NAME:set_seq_h T:Transactions SCOPE:uvm_test_top.env_h.reset_agent_h.reset_seqr_h STREAM:1659}
  CREATE_STREAM @210000 {NAME:crt_vseq_h T:Transactions SCOPE:uvm_test_top.env_h.vseqr_h STREAM:1677}
  CREATE_STREAM @210000 {NAME:ready_vseq_h T:Transactions SCOPE:uvm_test_top.env_h.vseqr_h STREAM:1679}
  CREATE_STREAM @210000 {NAME:crt_mseq_h T:Transactions SCOPE:uvm_test_top.env_h.master_agent_h.mseqr_h STREAM:1687}
  CREATE_STREAM @210000 {NAME:ready_sseq_h T:Transactions SCOPE:uvm_test_top.env_h.slave_agent_h.sseqr_h STREAM:1696}
  CREATE_STREAM @3330000 {NAME:idle_vseq_h T:Transactions SCOPE:uvm_test_top.env_h.vseqr_h STREAM:2109}
  CREATE_STREAM @3330000 {NAME:idle_mseq_h T:Transactions SCOPE:uvm_test_top.env_h.master_agent_h.mseqr_h STREAM:2117}
